-------------------------------------------------------------------------------
Test set: com.example.jenkindemo.service.ProductServiceTest
-------------------------------------------------------------------------------
Tests run: 7, Failures: 0, Errors: 7, Skipped: 0, Time elapsed: 0.334 s <<< FAILURE! -- in com.example.jenkindemo.service.ProductServiceTest
com.example.jenkindemo.service.ProductServiceTest.getProductById_WithValidId_ShouldReturnProduct -- Time elapsed: 0.305 s <<< ERROR!
java.lang.NullPointerException: Cannot invoke "com.example.jenkindemo.model.Product.setId(java.lang.Long)" because "this.product2" is null
	at com.example.jenkindemo.service.ProductServiceTest.setUp(ProductServiceTest.java:42)
	at java.base/java.lang.reflect.Method.invoke(Method.java:568)
	at java.base/java.util.ArrayList.forEach(ArrayList.java:1511)
	at java.base/java.util.ArrayList.forEach(ArrayList.java:1511)

com.example.jenkindemo.service.ProductServiceTest.updateProduct_WithValidId_ShouldReturnUpdatedProduct -- Time elapsed: 0.004 s <<< ERROR!
java.lang.NullPointerException: Cannot invoke "com.example.jenkindemo.model.Product.setId(java.lang.Long)" because "this.product2" is null
	at com.example.jenkindemo.service.ProductServiceTest.setUp(ProductServiceTest.java:42)
	at java.base/java.lang.reflect.Method.invoke(Method.java:568)
	at java.base/java.util.ArrayList.forEach(ArrayList.java:1511)
	at java.base/java.util.ArrayList.forEach(ArrayList.java:1511)

com.example.jenkindemo.service.ProductServiceTest.deleteProduct_WithInvalidId_ShouldThrowException -- Time elapsed: 0.004 s <<< ERROR!
java.lang.NullPointerException: Cannot invoke "com.example.jenkindemo.model.Product.setId(java.lang.Long)" because "this.product2" is null
	at com.example.jenkindemo.service.ProductServiceTest.setUp(ProductServiceTest.java:42)
	at java.base/java.lang.reflect.Method.invoke(Method.java:568)
	at java.base/java.util.ArrayList.forEach(ArrayList.java:1511)
	at java.base/java.util.ArrayList.forEach(ArrayList.java:1511)

com.example.jenkindemo.service.ProductServiceTest.getAllProducts_ShouldReturnAllProducts -- Time elapsed: 0.003 s <<< ERROR!
java.lang.NullPointerException: Cannot invoke "com.example.jenkindemo.model.Product.setId(java.lang.Long)" because "this.product2" is null
	at com.example.jenkindemo.service.ProductServiceTest.setUp(ProductServiceTest.java:42)
	at java.base/java.lang.reflect.Method.invoke(Method.java:568)
	at java.base/java.util.ArrayList.forEach(ArrayList.java:1511)
	at java.base/java.util.ArrayList.forEach(ArrayList.java:1511)

com.example.jenkindemo.service.ProductServiceTest.createProduct_ShouldReturnSavedProduct -- Time elapsed: 0.003 s <<< ERROR!
java.lang.NullPointerException: Cannot invoke "com.example.jenkindemo.model.Product.setId(java.lang.Long)" because "this.product2" is null
	at com.example.jenkindemo.service.ProductServiceTest.setUp(ProductServiceTest.java:42)
	at java.base/java.lang.reflect.Method.invoke(Method.java:568)
	at java.base/java.util.ArrayList.forEach(ArrayList.java:1511)
	at java.base/java.util.ArrayList.forEach(ArrayList.java:1511)

com.example.jenkindemo.service.ProductServiceTest.deleteProduct_WithValidId_ShouldDeleteProduct -- Time elapsed: 0.003 s <<< ERROR!
java.lang.NullPointerException: Cannot invoke "com.example.jenkindemo.model.Product.setId(java.lang.Long)" because "this.product2" is null
	at com.example.jenkindemo.service.ProductServiceTest.setUp(ProductServiceTest.java:42)
	at java.base/java.lang.reflect.Method.invoke(Method.java:568)
	at java.base/java.util.ArrayList.forEach(ArrayList.java:1511)
	at java.base/java.util.ArrayList.forEach(ArrayList.java:1511)

com.example.jenkindemo.service.ProductServiceTest.getProductById_WithInvalidId_ShouldThrowException -- Time elapsed: 0.003 s <<< ERROR!
java.lang.NullPointerException: Cannot invoke "com.example.jenkindemo.model.Product.setId(java.lang.Long)" because "this.product2" is null
	at com.example.jenkindemo.service.ProductServiceTest.setUp(ProductServiceTest.java:42)
	at java.base/java.lang.reflect.Method.invoke(Method.java:568)
	at java.base/java.util.ArrayList.forEach(ArrayList.java:1511)
	at java.base/java.util.ArrayList.forEach(ArrayList.java:1511)

