<?xml version="1.0" encoding="UTF-8"?>
<testsuite xmlns:xsi="http://www.w3.org/2001/XMLSchema-instance" xsi:noNamespaceSchemaLocation="https://maven.apache.org/surefire/maven-surefire-plugin/xsd/surefire-test-report.xsd" version="3.0.2" name="com.example.jenkindemo.controller.ProductControllerTest" time="0.951" tests="6" errors="1" skipped="0" failures="2">
  <properties>
[...]
</properties>
  <testcase name="getProductById_WithValidId_ShouldReturnProduct" classname="com.example.jenkindemo.controller.ProductControllerTest" time="0.74">
    <system-out><![CDATA[2025-07-03T08:52:48.142+05:30  INFO 2456 --- [JenkinDemo] [           main] o.s.mock.web.MockServletContext          : Initializing Spring TestDispatcherServlet ''
2025-07-03T08:52:48.143+05:30  INFO 2456 --- [JenkinDemo] [           main] o.s.t.web.servlet.TestDispatcherServlet  : Initializing Servlet ''
2025-07-03T08:52:48.147+05:30  INFO 2456 --- [JenkinDemo] [           main] o.s.t.web.servlet.TestDispatcherServlet  : Completed initialization in 2 ms
]]></system-out>
  </testcase>
  <testcase name="updateProduct_WithValidId_ShouldReturnUpdatedProduct" classname="com.example.jenkindemo.controller.ProductControllerTest" time="0.088">
    <system-out><![CDATA[2025-07-03T08:52:48.530+05:30  INFO 2456 --- [JenkinDemo] [           main] o.s.mock.web.MockServletContext          : Initializing Spring TestDispatcherServlet ''
2025-07-03T08:52:48.530+05:30  INFO 2456 --- [JenkinDemo] [           main] o.s.t.web.servlet.TestDispatcherServlet  : Initializing Servlet ''
2025-07-03T08:52:48.531+05:30  INFO 2456 --- [JenkinDemo] [           main] o.s.t.web.servlet.TestDispatcherServlet  : Completed initialization in 0 ms
]]></system-out>
  </testcase>
  <testcase name="createProduct_ShouldReturnCreatedProduct" classname="com.example.jenkindemo.controller.ProductControllerTest" time="0.033">
    <failure message="Status expected:&lt;201&gt; but was:&lt;200&gt;" type="java.lang.AssertionError"><![CDATA[java.lang.AssertionError: Status expected:<201> but was:<200>
	at org.springframework.test.util.AssertionErrors.fail(AssertionErrors.java:61)
	at org.springframework.test.util.AssertionErrors.assertEquals(AssertionErrors.java:128)
	at org.springframework.test.web.servlet.result.StatusResultMatchers.lambda$matcher$9(StatusResultMatchers.java:640)
	at org.springframework.test.web.servlet.MockMvc$1.andExpect(MockMvc.java:214)
	at com.example.jenkindemo.controller.ProductControllerTest.createProduct_ShouldReturnCreatedProduct(ProductControllerTest.java:100)
	at java.base/java.lang.reflect.Method.invoke(Method.java:568)
	at java.base/java.util.ArrayList.forEach(ArrayList.java:1511)
	at java.base/java.util.ArrayList.forEach(ArrayList.java:1511)
]]></failure>
    <system-out><![CDATA[2025-07-03T08:52:48.612+05:30  INFO 2456 --- [JenkinDemo] [           main] o.s.mock.web.MockServletContext          : Initializing Spring TestDispatcherServlet ''
2025-07-03T08:52:48.613+05:30  INFO 2456 --- [JenkinDemo] [           main] o.s.t.web.servlet.TestDispatcherServlet  : Initializing Servlet ''
2025-07-03T08:52:48.613+05:30  INFO 2456 --- [JenkinDemo] [           main] o.s.t.web.servlet.TestDispatcherServlet  : Completed initialization in 0 ms
]]></system-out>
  </testcase>
  <testcase name="getAllProducts_ShouldReturnListOfProducts" classname="com.example.jenkindemo.controller.ProductControllerTest" time="0.028">
    <system-out><![CDATA[2025-07-03T08:52:48.648+05:30  INFO 2456 --- [JenkinDemo] [           main] o.s.mock.web.MockServletContext          : Initializing Spring TestDispatcherServlet ''
2025-07-03T08:52:48.649+05:30  INFO 2456 --- [JenkinDemo] [           main] o.s.t.web.servlet.TestDispatcherServlet  : Initializing Servlet ''
2025-07-03T08:52:48.649+05:30  INFO 2456 --- [JenkinDemo] [           main] o.s.t.web.servlet.TestDispatcherServlet  : Completed initialization in 0 ms
]]></system-out>
  </testcase>
  <testcase name="deleteProduct_WithValidId_ShouldReturnNoContent" classname="com.example.jenkindemo.controller.ProductControllerTest" time="0.019">
    <failure message="Status expected:&lt;204&gt; but was:&lt;200&gt;" type="java.lang.AssertionError"><![CDATA[java.lang.AssertionError: Status expected:<204> but was:<200>
	at org.springframework.test.util.AssertionErrors.fail(AssertionErrors.java:61)
	at org.springframework.test.util.AssertionErrors.assertEquals(AssertionErrors.java:128)
	at org.springframework.test.web.servlet.result.StatusResultMatchers.lambda$matcher$9(StatusResultMatchers.java:640)
	at org.springframework.test.web.servlet.MockMvc$1.andExpect(MockMvc.java:214)
	at com.example.jenkindemo.controller.ProductControllerTest.deleteProduct_WithValidId_ShouldReturnNoContent(ProductControllerTest.java:134)
	at java.base/java.lang.reflect.Method.invoke(Method.java:568)
	at java.base/java.util.ArrayList.forEach(ArrayList.java:1511)
	at java.base/java.util.ArrayList.forEach(ArrayList.java:1511)
]]></failure>
    <system-out><![CDATA[2025-07-03T08:52:48.678+05:30  INFO 2456 --- [JenkinDemo] [           main] o.s.mock.web.MockServletContext          : Initializing Spring TestDispatcherServlet ''
2025-07-03T08:52:48.679+05:30  INFO 2456 --- [JenkinDemo] [           main] o.s.t.web.servlet.TestDispatcherServlet  : Initializing Servlet ''
2025-07-03T08:52:48.679+05:30  INFO 2456 --- [JenkinDemo] [           main] o.s.t.web.servlet.TestDispatcherServlet  : Completed initialization in 0 ms
]]></system-out>
  </testcase>
  <testcase name="getProductById_WithNonExistentId_ShouldReturnNotFound" classname="com.example.jenkindemo.controller.ProductControllerTest" time="0.026">
    <error message="Request processing failed: java.lang.RuntimeException: Product not found with id: 999" type="jakarta.servlet.ServletException"><![CDATA[jakarta.servlet.ServletException: Request processing failed: java.lang.RuntimeException: Product not found with id: 999
	at org.springframework.web.servlet.FrameworkServlet.processRequest(FrameworkServlet.java:1022)
	at org.springframework.web.servlet.FrameworkServlet.doGet(FrameworkServlet.java:903)
	at jakarta.servlet.http.HttpServlet.service(HttpServlet.java:564)
	at org.springframework.web.servlet.FrameworkServlet.service(FrameworkServlet.java:885)
	at org.springframework.test.web.servlet.TestDispatcherServlet.service(TestDispatcherServlet.java:72)
	at jakarta.servlet.http.HttpServlet.service(HttpServlet.java:658)
	at org.springframework.mock.web.MockFilterChain$ServletFilterProxy.doFilter(MockFilterChain.java:165)
	at org.springframework.mock.web.MockFilterChain.doFilter(MockFilterChain.java:132)
	at org.springframework.test.web.servlet.MockMvc.perform(MockMvc.java:201)
	at com.example.jenkindemo.controller.ProductControllerTest.getProductById_WithNonExistentId_ShouldReturnNotFound(ProductControllerTest.java:146)
	at java.base/java.lang.reflect.Method.invoke(Method.java:568)
	at java.base/java.util.ArrayList.forEach(ArrayList.java:1511)
	at java.base/java.util.ArrayList.forEach(ArrayList.java:1511)
Caused by: java.lang.RuntimeException: Product not found with id: 999
	at com.example.jenkindemo.service.ProductService.getProductById(ProductService.java:22)
	at com.example.jenkindemo.controller.ProductController.getProductById(ProductController.java:25)
	at java.base/jdk.internal.reflect.NativeMethodAccessorImpl.invoke0(Native Method)
	at java.base/jdk.internal.reflect.NativeMethodAccessorImpl.invoke(NativeMethodAccessorImpl.java:77)
	at java.base/jdk.internal.reflect.DelegatingMethodAccessorImpl.invoke(DelegatingMethodAccessorImpl.java:43)
	at java.base/java.lang.reflect.Method.invoke(Method.java:568)
	at org.springframework.web.method.support.InvocableHandlerMethod.doInvoke(InvocableHandlerMethod.java:258)
	at org.springframework.web.method.support.InvocableHandlerMethod.invokeForRequest(InvocableHandlerMethod.java:191)
	at org.springframework.web.servlet.mvc.method.annotation.ServletInvocableHandlerMethod.invokeAndHandle(ServletInvocableHandlerMethod.java:118)
	at org.springframework.web.servlet.mvc.method.annotation.RequestMappingHandlerAdapter.invokeHandlerMethod(RequestMappingHandlerAdapter.java:986)
	at org.springframework.web.servlet.mvc.method.annotation.RequestMappingHandlerAdapter.handleInternal(RequestMappingHandlerAdapter.java:891)
	at org.springframework.web.servlet.mvc.method.AbstractHandlerMethodAdapter.handle(AbstractHandlerMethodAdapter.java:87)
	at org.springframework.web.servlet.DispatcherServlet.doDispatch(DispatcherServlet.java:1089)
	at org.springframework.web.servlet.DispatcherServlet.doService(DispatcherServlet.java:979)
	at org.springframework.web.servlet.FrameworkServlet.processRequest(FrameworkServlet.java:1014)
	... 12 more
]]></error>
    <system-out><![CDATA[2025-07-03T08:52:48.698+05:30  INFO 2456 --- [JenkinDemo] [           main] o.s.mock.web.MockServletContext          : Initializing Spring TestDispatcherServlet ''
2025-07-03T08:52:48.699+05:30  INFO 2456 --- [JenkinDemo] [           main] o.s.t.web.servlet.TestDispatcherServlet  : Initializing Servlet ''
2025-07-03T08:52:48.699+05:30  INFO 2456 --- [JenkinDemo] [           main] o.s.t.web.servlet.TestDispatcherServlet  : Completed initialization in 0 ms
]]></system-out>
  </testcase>
</testsuite>